0 info it worked if it ends with ok
1 verbose cli [ '/usr/local/bin/iojs', '/usr/local/bin/npm', 'run', 'serve' ]
2 info using npm@2.7.1
3 info using node@v1.6.2
4 verbose stack Error: missing script: serve
4 verbose stack     at run (/usr/local/lib/node_modules/npm/lib/run-script.js:165:19)
4 verbose stack     at /usr/local/lib/node_modules/npm/lib/run-script.js:81:5
4 verbose stack     at /usr/local/lib/node_modules/npm/node_modules/read-package-json/read-json.js:52:40
4 verbose stack     at /usr/local/lib/node_modules/npm/node_modules/read-package-json/read-json.js:376:33
4 verbose stack     at checkBinReferences_ (/usr/local/lib/node_modules/npm/node_modules/read-package-json/read-json.js:341:59)
4 verbose stack     at final (/usr/local/lib/node_modules/npm/node_modules/read-package-json/read-json.js:373:17)
4 verbose stack     at then (/usr/local/lib/node_modules/npm/node_modules/read-package-json/read-json.js:127:33)
4 verbose stack     at /usr/local/lib/node_modules/npm/node_modules/read-package-json/read-json.js:332:40
4 verbose stack     at FSReqWrap.readFileAfterClose [as oncomplete] (evalmachine.<anonymous>:379:3)
5 verbose cwd /Users/tj/Dropbox/dev/mithril-test
6 error Darwin 14.1.0
7 error argv "/usr/local/bin/iojs" "/usr/local/bin/npm" "run" "serve"
8 error node v1.6.2
9 error npm  v2.7.1
10 error missing script: serve
11 error If you need help, you may report this error at:
11 error     <https://github.com/npm/npm/issues>
12 verbose exit [ 1, true ]
